<!DOCTYPE html>

<html>
  <head>
  <meta charset='utf-8'>
  <title>TestNG reports</title>

    <link type="text/css" href="testng-reports1.css" rel="stylesheet" id="ultra" />
    <link type="text/css" href="testng-reports.css" rel="stylesheet" id="retro" disabled="false"/>
    <script type="text/javascript" src="jquery.min.js"></script>
    <script type="text/javascript" src="testng-reports.js"></script>
    <script type="text/javascript" src="https://www.google.com/jsapi"></script>
    <script type='text/javascript'>
      google.load('visualization', '1', {packages:['table']});
      google.setOnLoadCallback(drawTable);
      var suiteTableInitFunctions = new Array();
      var suiteTableData = new Array();
    </script>
    <!--
      <script type="text/javascript" src="jquery-ui/js/jquery-ui-1.8.16.custom.min.js"></script>
     -->
  </head>

  <body>
    <div class="top-banner-root">
      <span class="top-banner-title-font">Test results</span>
      <button id="button" class="button">Switch Retro Theme</button> <!-- button -->
      <br/>
      <span class="top-banner-font-1">1 suite, 8 failed tests</span>
    </div> <!-- top-banner-root -->
    <div class="navigator-root">
      <div class="navigator-suite-header">
        <span>All suites</span>
        <a href="#" title="Collapse/expand all the suites" class="collapse-all-link">
          <img src="collapseall.gif" class="collapse-all-icon">
          </img> <!-- collapse-all-icon -->
        </a> <!-- collapse-all-link -->
      </div> <!-- navigator-suite-header -->
      <div class="suite">
        <div class="rounded-window">
          <div class="suite-header light-rounded-window-top">
            <a href="#" panel-name="suite-Default_suite" class="navigator-link">
              <span class="suite-name border-failed">Default suite</span>
            </a> <!-- navigator-link -->
          </div> <!-- suite-header light-rounded-window-top -->
          <div class="navigator-suite-content">
            <div class="suite-section-title">
              <span>Info</span>
            </div> <!-- suite-section-title -->
            <div class="suite-section-content">
              <ul>
                <li>
                  <a href="#" panel-name="test-xml-Default_suite" class="navigator-link ">
                    <span>C:\Users\Kishor\AppData\Local\Temp\testng-eclipse--1309896884\testng-customsuite.xml</span>
                  </a> <!-- navigator-link  -->
                </li>
                <li>
                  <a href="#" panel-name="testlist-Default_suite" class="navigator-link ">
                    <span class="test-stats">1 test</span>
                  </a> <!-- navigator-link  -->
                </li>
                <li>
                  <a href="#" panel-name="group-Default_suite" class="navigator-link ">
                    <span>1 group</span>
                  </a> <!-- navigator-link  -->
                </li>
                <li>
                  <a href="#" panel-name="times-Default_suite" class="navigator-link ">
                    <span>Times</span>
                  </a> <!-- navigator-link  -->
                </li>
                <li>
                  <a href="#" panel-name="reporter-Default_suite" class="navigator-link ">
                    <span>Reporter output</span>
                  </a> <!-- navigator-link  -->
                </li>
                <li>
                  <a href="#" panel-name="ignored-methods-Default_suite" class="navigator-link ">
                    <span>Ignored methods</span>
                  </a> <!-- navigator-link  -->
                </li>
                <li>
                  <a href="#" panel-name="chronological-Default_suite" class="navigator-link ">
                    <span>Chronological view</span>
                  </a> <!-- navigator-link  -->
                </li>
              </ul>
            </div> <!-- suite-section-content -->
            <div class="result-section">
              <div class="suite-section-title">
                <span>Results</span>
              </div> <!-- suite-section-title -->
              <div class="suite-section-content">
                <ul>
                  <li>
                    <span class="method-stats">26 methods, 8 failed,   18 passed</span>
                  </li>
                  <li>
                    <span class="method-list-title failed">Failed methods</span>
                    <span class="show-or-hide-methods failed">
                      <a href="#" panel-name="suite-Default_suite" class="hide-methods failed suite-Default_suite"> (hide)</a> <!-- hide-methods failed suite-Default_suite -->
                      <a href="#" panel-name="suite-Default_suite" class="show-methods failed suite-Default_suite"> (show)</a> <!-- show-methods failed suite-Default_suite -->
                    </span>
                    <div class="method-list-content failed suite-Default_suite">
                      <span>
                        <img src="failed.png" width="3%"/>
                        <a href="#" panel-name="suite-Default_suite" title="com.testRunnersTestNG.TestNGTestRunner" class="method navigator-link" hash-for-method="runScenario(&quot;Validate get otp button with invalid min text in last name in sign up page&quot;, &quot;Optional[Sign up page...)">runScenario("Validate get otp button with invalid min text in last name in sign up page", "Optional[Sign up page...)</a> <!-- method navigator-link -->
                      </span>
                      <br/>
                      <span>
                        <img src="failed.png" width="3%"/>
                        <a href="#" panel-name="suite-Default_suite" title="com.testRunnersTestNG.TestNGTestRunner" class="method navigator-link" hash-for-method="runScenario(&quot;Validate elements in sign up page&quot;, &quot;Optional[Sign up page of the customer application]&quot;)">runScenario("Validate elements in sign up page", "Optional[Sign up page of the customer application]")</a> <!-- method navigator-link -->
                      </span>
                      <br/>
                      <span>
                        <img src="failed.png" width="3%"/>
                        <a href="#" panel-name="suite-Default_suite" title="com.testRunnersTestNG.TestNGTestRunner" class="method navigator-link" hash-for-method="runScenario(&quot;Validate need help link in sign up page&quot;, &quot;Optional[Sign up page of the customer application]&quot;)">runScenario("Validate need help link in sign up page", "Optional[Sign up page of the customer application]")</a> <!-- method navigator-link -->
                      </span>
                      <br/>
                      <span>
                        <img src="failed.png" width="3%"/>
                        <a href="#" panel-name="suite-Default_suite" title="com.testRunnersTestNG.TestNGTestRunner" class="method navigator-link" hash-for-method="runScenario(&quot;Validate get otp button with all invalid min text in first name and mobile number in sign up page&quot;,...)">runScenario("Validate get otp button with all invalid min text in first name and mobile number in sign up page",...)</a> <!-- method navigator-link -->
                      </span>
                      <br/>
                      <span>
                        <img src="failed.png" width="3%"/>
                        <a href="#" panel-name="suite-Default_suite" title="com.testRunnersTestNG.TestNGTestRunner" class="method navigator-link" hash-for-method="runScenario(&quot;Validate back button in sign up page&quot;, &quot;Optional[Sign up page of the customer application]&quot;)">runScenario("Validate back button in sign up page", "Optional[Sign up page of the customer application]")</a> <!-- method navigator-link -->
                      </span>
                      <br/>
                      <span>
                        <img src="failed.png" width="3%"/>
                        <a href="#" panel-name="suite-Default_suite" title="com.testRunnersTestNG.TestNGTestRunner" class="method navigator-link" hash-for-method="runScenario(&quot;Validate get otp button with invalid min text in first name and last name in sign up page&quot;, &quot;Option...)">runScenario("Validate get otp button with invalid min text in first name and last name in sign up page", "Option...)</a> <!-- method navigator-link -->
                      </span>
                      <br/>
                      <span>
                        <img src="failed.png" width="3%"/>
                        <a href="#" panel-name="suite-Default_suite" title="com.testRunnersTestNG.TestNGTestRunner" class="method navigator-link" hash-for-method="runScenario(&quot;Validate log in link sign up page&quot;, &quot;Optional[Sign up page of the customer application]&quot;)">runScenario("Validate log in link sign up page", "Optional[Sign up page of the customer application]")</a> <!-- method navigator-link -->
                      </span>
                      <br/>
                      <span>
                        <img src="failed.png" width="3%"/>
                        <a href="#" panel-name="suite-Default_suite" title="com.testRunnersTestNG.TestNGTestRunner" class="method navigator-link" hash-for-method="runScenario(&quot;Validate get otp button with invalid min text in first name in sign up page&quot;, &quot;Optional[Sign up pag...)">runScenario("Validate get otp button with invalid min text in first name in sign up page", "Optional[Sign up pag...)</a> <!-- method navigator-link -->
                      </span>
                      <br/>
                    </div> <!-- method-list-content failed suite-Default_suite -->
                  </li>
                  <li>
                    <span class="method-list-title passed">Passed methods</span>
                    <span class="show-or-hide-methods passed">
                      <a href="#" panel-name="suite-Default_suite" class="hide-methods passed suite-Default_suite"> (hide)</a> <!-- hide-methods passed suite-Default_suite -->
                      <a href="#" panel-name="suite-Default_suite" class="show-methods passed suite-Default_suite"> (show)</a> <!-- show-methods passed suite-Default_suite -->
                    </span>
                    <div class="method-list-content passed suite-Default_suite">
                      <span>
                        <img src="passed.png" width="3%"/>
                        <a href="#" panel-name="suite-Default_suite" title="com.testRunnersTestNG.TestNGTestRunner" class="method navigator-link" hash-for-method="runScenario(&quot;Validate get otp button as invalid mobile number with letters in sign up page&quot;, &quot;Optional[Sign up p...)">runScenario("Validate get otp button as invalid mobile number with letters in sign up page", "Optional[Sign up p...)</a> <!-- method navigator-link -->
                      </span>
                      <br/>
                      <span>
                        <img src="passed.png" width="3%"/>
                        <a href="#" panel-name="suite-Default_suite" title="com.testRunnersTestNG.TestNGTestRunner" class="method navigator-link" hash-for-method="runScenario(&quot;Validate get otp button with invalid min text in first name and mobile number in sign up page&quot;, &quot;Op...)">runScenario("Validate get otp button with invalid min text in first name and mobile number in sign up page", "Op...)</a> <!-- method navigator-link -->
                      </span>
                      <br/>
                      <span>
                        <img src="passed.png" width="3%"/>
                        <a href="#" panel-name="suite-Default_suite" title="com.testRunnersTestNG.TestNGTestRunner" class="method navigator-link" hash-for-method="runScenario(&quot;Validate get otp button with valid last name with upto max length in sign up page&quot;, &quot;Optional[Sign ...)">runScenario("Validate get otp button with valid last name with upto max length in sign up page", "Optional[Sign ...)</a> <!-- method navigator-link -->
                      </span>
                      <br/>
                      <span>
                        <img src="passed.png" width="3%"/>
                        <a href="#" panel-name="suite-Default_suite" title="com.testRunnersTestNG.TestNGTestRunner" class="method navigator-link" hash-for-method="runScenario(&quot;Validate get otp button with all invalid min text in test data in sign up page&quot;, &quot;Optional[Sign up ...)">runScenario("Validate get otp button with all invalid min text in test data in sign up page", "Optional[Sign up ...)</a> <!-- method navigator-link -->
                      </span>
                      <br/>
                      <span>
                        <img src="passed.png" width="3%"/>
                        <a href="#" panel-name="suite-Default_suite" title="com.testRunnersTestNG.TestNGTestRunner" class="method navigator-link" hash-for-method="runScenario(&quot;Validate get otp button with invalid min text in last name and mobile number in sign up page&quot;, &quot;Opt...)">runScenario("Validate get otp button with invalid min text in last name and mobile number in sign up page", "Opt...)</a> <!-- method navigator-link -->
                      </span>
                      <br/>
                      <span>
                        <img src="passed.png" width="3%"/>
                        <a href="#" panel-name="suite-Default_suite" title="com.testRunnersTestNG.TestNGTestRunner" class="method navigator-link" hash-for-method="runScenario(&quot;Validate get otp button as empty mobile number with special chars in sign up page&quot;, &quot;Optional[Sign ...)">runScenario("Validate get otp button as empty mobile number with special chars in sign up page", "Optional[Sign ...)</a> <!-- method navigator-link -->
                      </span>
                      <br/>
                      <span>
                        <img src="passed.png" width="3%"/>
                        <a href="#" panel-name="suite-Default_suite" title="com.testRunnersTestNG.TestNGTestRunner" class="method navigator-link" hash-for-method="runScenario(&quot;Validate get otp button as invalid last name with with special chars in sign up page&quot;, &quot;Optional[Si...)">runScenario("Validate get otp button as invalid last name with with special chars in sign up page", "Optional[Si...)</a> <!-- method navigator-link -->
                      </span>
                      <br/>
                      <span>
                        <img src="passed.png" width="3%"/>
                        <a href="#" panel-name="suite-Default_suite" title="com.testRunnersTestNG.TestNGTestRunner" class="method navigator-link" hash-for-method="runScenario(&quot;Validate get otp button as invalid mobile number with special chars in sign up page&quot;, &quot;Optional[Sig...)">runScenario("Validate get otp button as invalid mobile number with special chars in sign up page", "Optional[Sig...)</a> <!-- method navigator-link -->
                      </span>
                      <br/>
                      <span>
                        <img src="passed.png" width="3%"/>
                        <a href="#" panel-name="suite-Default_suite" title="com.testRunnersTestNG.TestNGTestRunner" class="method navigator-link" hash-for-method="runScenario(&quot;Validate get otp button as empty first name with special chars in sign up page&quot;, &quot;Optional[Sign up ...)">runScenario("Validate get otp button as empty first name with special chars in sign up page", "Optional[Sign up ...)</a> <!-- method navigator-link -->
                      </span>
                      <br/>
                      <span>
                        <img src="passed.png" width="3%"/>
                        <a href="#" panel-name="suite-Default_suite" title="com.testRunnersTestNG.TestNGTestRunner" class="method navigator-link" hash-for-method="runScenario(&quot;Validate new sign up user redirected to the home page via validating otp&quot;, &quot;Optional[Sign up page o...)">runScenario("Validate new sign up user redirected to the home page via validating otp", "Optional[Sign up page o...)</a> <!-- method navigator-link -->
                      </span>
                      <br/>
                      <span>
                        <img src="passed.png" width="3%"/>
                        <a href="#" panel-name="suite-Default_suite" title="com.testRunnersTestNG.TestNGTestRunner" class="method navigator-link" hash-for-method="runScenario(&quot;Validate get otp button as empty last name with with special chars in sign up page&quot;, &quot;Optional[Sign...)">runScenario("Validate get otp button as empty last name with with special chars in sign up page", "Optional[Sign...)</a> <!-- method navigator-link -->
                      </span>
                      <br/>
                      <span>
                        <img src="passed.png" width="3%"/>
                        <a href="#" panel-name="suite-Default_suite" title="com.testRunnersTestNG.TestNGTestRunner" class="method navigator-link" hash-for-method="runScenario(&quot;Validate get otp button as invalid first name with numbers in sign up page&quot;, &quot;Optional[Sign up page...)">runScenario("Validate get otp button as invalid first name with numbers in sign up page", "Optional[Sign up page...)</a> <!-- method navigator-link -->
                      </span>
                      <br/>
                      <span>
                        <img src="passed.png" width="3%"/>
                        <a href="#" panel-name="suite-Default_suite" title="com.testRunnersTestNG.TestNGTestRunner" class="method navigator-link" hash-for-method="runScenario(&quot;Validate get otp button with both valid upto max length in sign up page&quot;, &quot;Optional[Sign up page of...)">runScenario("Validate get otp button with both valid upto max length in sign up page", "Optional[Sign up page of...)</a> <!-- method navigator-link -->
                      </span>
                      <br/>
                      <span>
                        <img src="passed.png" width="3%"/>
                        <a href="#" panel-name="suite-Default_suite" title="com.testRunnersTestNG.TestNGTestRunner" class="method navigator-link" hash-for-method="runScenario(&quot;Validate get otp button with invalid min text in mobile number in sign up page&quot;, &quot;Optional[Sign up ...)">runScenario("Validate get otp button with invalid min text in mobile number in sign up page", "Optional[Sign up ...)</a> <!-- method navigator-link -->
                      </span>
                      <br/>
                      <span>
                        <img src="passed.png" width="3%"/>
                        <a href="#" panel-name="suite-Default_suite" title="com.testRunnersTestNG.TestNGTestRunner" class="method navigator-link" hash-for-method="runScenario(&quot;Validate get otp button with valid first name with upto max length in sign up page&quot;, &quot;Optional[Sign...)">runScenario("Validate get otp button with valid first name with upto max length in sign up page", "Optional[Sign...)</a> <!-- method navigator-link -->
                      </span>
                      <br/>
                      <span>
                        <img src="passed.png" width="3%"/>
                        <a href="#" panel-name="suite-Default_suite" title="com.testRunnersTestNG.TestNGTestRunner" class="method navigator-link" hash-for-method="runScenario(&quot;Validate get otp button as invalid last name with numbers in sign up page&quot;, &quot;Optional[Sign up page ...)">runScenario("Validate get otp button as invalid last name with numbers in sign up page", "Optional[Sign up page ...)</a> <!-- method navigator-link -->
                      </span>
                      <br/>
                      <span>
                        <img src="passed.png" width="3%"/>
                        <a href="#" panel-name="suite-Default_suite" title="com.testRunnersTestNG.TestNGTestRunner" class="method navigator-link" hash-for-method="runScenario(&quot;Validate get otp button with all empty spaces in user fields in sign up page&quot;, &quot;Optional[Sign up pa...)">runScenario("Validate get otp button with all empty spaces in user fields in sign up page", "Optional[Sign up pa...)</a> <!-- method navigator-link -->
                      </span>
                      <br/>
                      <span>
                        <img src="passed.png" width="3%"/>
                        <a href="#" panel-name="suite-Default_suite" title="com.testRunnersTestNG.TestNGTestRunner" class="method navigator-link" hash-for-method="runScenario(&quot;Validate get otp button as invalid first name with special chars in sign up page&quot;, &quot;Optional[Sign u...)">runScenario("Validate get otp button as invalid first name with special chars in sign up page", "Optional[Sign u...)</a> <!-- method navigator-link -->
                      </span>
                      <br/>
                    </div> <!-- method-list-content passed suite-Default_suite -->
                  </li>
                </ul>
              </div> <!-- suite-section-content -->
            </div> <!-- result-section -->
          </div> <!-- navigator-suite-content -->
        </div> <!-- rounded-window -->
      </div> <!-- suite -->
    </div> <!-- navigator-root -->
    <div class="wrapper">
      <div class="main-panel-root">
        <div panel-name="suite-Default_suite" class="panel Default_suite">
          <div class="suite-Default_suite-class-failed">
            <div class="main-panel-header rounded-window-top">
              <img src="failed.png"/>
              <span class="class-name">com.testRunnersTestNG.TestNGTestRunner</span>
            </div> <!-- main-panel-header rounded-window-top -->
            <div class="main-panel-content rounded-window-bottom">
              <div class="method">
                <div class="method-content">
                  <a name="runScenario(&quot;Validate get otp button with invalid min text in last name in sign up page&quot;, &quot;Optional[Sign up page...)">
                  </a> <!-- runScenario("Validate get otp button with invalid min text in last name in sign up page", "Optional[Sign up page...) -->
                  <span class="method-name">runScenario</span>
                  <span class="parameters">("Validate get otp button with invalid min text in last name in sign up page", "Optional[Sign up page of the customer application]")</span>
                  <div class="stack-trace">java.lang.AssertionError: expected [false] but found [true]
	at org.testng.Assert.fail(Assert.java:99)
	at org.testng.Assert.failNotEquals(Assert.java:1037)
	at org.testng.Assert.assertEqualsImpl(Assert.java:140)
	at org.testng.Assert.assertEquals(Assert.java:122)
	at org.testng.Assert.assertEquals(Assert.java:819)
	at org.testng.Assert.assertEquals(Assert.java:829)
	at stepDefinitions.customer.A0003_Sign_up_page.verify_that_get_otp_button_should_not_be_clickable_with_invalid_test_data_in_the_sign_up_page(A0003_Sign_up_page.java:484)
	at ✽.Verify that get otp button should not be clickable with invalid test data in the sign up page(file:///C:/Users/Kishor/Desktop/Appium_project/appium_shield/src/test/resources/features/customer/A0003_sign_up_page.feature:124)

</div> <!-- stack-trace -->
                  <em>
(Runs Cucumber Scenarios)                  </em>
                </div> <!-- method-content -->
              </div> <!-- method -->
              <div class="method">
                <div class="method-content">
                  <a name="runScenario(&quot;Validate elements in sign up page&quot;, &quot;Optional[Sign up page of the customer application]&quot;)">
                  </a> <!-- runScenario("Validate elements in sign up page", "Optional[Sign up page of the customer application]") -->
                  <span class="method-name">runScenario</span>
                  <span class="parameters">("Validate elements in sign up page", "Optional[Sign up page of the customer application]")</span>
                  <div class="stack-trace">org.openqa.selenium.NoSuchElementException: An element could not be located on the page using the given search parameters.
For documentation on this error, please visit: https://www.selenium.dev/documentation/webdriver/troubleshooting/errors#no-such-element-exception
Build info: version: &apos;4.13.0&apos;, revision: &apos;ba948ece5b*&apos;
System info: os.name: &apos;Windows 10&apos;, os.arch: &apos;amd64&apos;, os.version: &apos;10.0&apos;, java.version: &apos;11.0.18&apos;
Driver info: io.appium.java_client.android.AndroidDriver
Command: [fbfcd240-d183-4860-893c-131feb6c443c, findElement {using=xpath, value=/hierarchy/android.widget.FrameLayout/android.widget.LinearLayout/android.widget.FrameLayout/android.widget.LinearLayout/android.widget.FrameLayout/android.widget.FrameLayout/android.view.ViewGroup/android.view.ViewGroup[2]/android.view.ViewGroup/android.view.ViewGroup/android.view.ViewGroup[1]/android.widget.FrameLayout/android.view.ViewGroup/android.view.ViewGroup/android.view.ViewGroup/android.view.ViewGroup/android.view.ViewGroup/android.view.ViewGroup/android.view.ViewGroup[2]/android.view.ViewGroup/com.horcrux.svg.SvgView}]
Capabilities {appium:app: C:\Users\Kishor\Downloads\a..., appium:appPackage: com.shieldcustomer, appium:automationName: Appium, appium:databaseEnabled: false, appium:desired: {app: C:\Users\Kishor\Downloads\a..., automationName: Appium, deviceName: nokia c3, platformName: ANDROID, platformVersion: 10.0, resetKeyboard: false, unicodeKeyboard: false}, appium:deviceApiLevel: 29, appium:deviceManufacturer: HMD Global, appium:deviceModel: Nokia C3, appium:deviceName: 300E6005N091402133, appium:deviceScreenDensity: 280, appium:deviceScreenSize: 720x1440, appium:deviceUDID: 300E6005N091402133, appium:javascriptEnabled: true, appium:locationContextEnabled: false, appium:networkConnectionEnabled: true, appium:pixelRatio: 1.75, appium:platformVersion: 10, appium:resetKeyboard: false, appium:statBarHeight: 56, appium:takesScreenshot: true, appium:unicodeKeyboard: false, appium:viewportRect: {height: 1300, left: 0, top: 56, width: 720}, appium:warnings: {}, appium:webStorageEnabled: false, platformName: ANDROID}
Session ID: fbfcd240-d183-4860-893c-131feb6c443c
	at java.base/jdk.internal.reflect.NativeConstructorAccessorImpl.newInstance0(Native Method)
	at java.base/jdk.internal.reflect.NativeConstructorAccessorImpl.newInstance(NativeConstructorAccessorImpl.java:62)
	at java.base/jdk.internal.reflect.DelegatingConstructorAccessorImpl.newInstance(DelegatingConstructorAccessorImpl.java:45)
	at java.base/java.lang.reflect.Constructor.newInstance(Constructor.java:490)
	at org.openqa.selenium.remote.codec.w3c.W3CHttpResponseCodec.createException(W3CHttpResponseCodec.java:200)
	at org.openqa.selenium.remote.codec.w3c.W3CHttpResponseCodec.decode(W3CHttpResponseCodec.java:133)
	at org.openqa.selenium.remote.codec.w3c.W3CHttpResponseCodec.decode(W3CHttpResponseCodec.java:52)
	at org.openqa.selenium.remote.HttpCommandExecutor.execute(HttpCommandExecutor.java:191)
	at io.appium.java_client.remote.AppiumCommandExecutor.execute(AppiumCommandExecutor.java:250)
	at org.openqa.selenium.remote.RemoteWebDriver.execute(RemoteWebDriver.java:602)
	at org.openqa.selenium.remote.ElementLocation$ElementFinder$2.findElement(ElementLocation.java:165)
	at org.openqa.selenium.remote.ElementLocation.findElement(ElementLocation.java:59)
	at org.openqa.selenium.remote.RemoteWebDriver.findElement(RemoteWebDriver.java:359)
	at org.openqa.selenium.remote.RemoteWebDriver.findElement(RemoteWebDriver.java:353)
	at org.openqa.selenium.support.pagefactory.DefaultElementLocator.findElement(DefaultElementLocator.java:68)
	at org.openqa.selenium.support.pagefactory.internal.LocatingElementHandler.invoke(LocatingElementHandler.java:38)
	at com.sun.proxy.$Proxy44.isDisplayed(Unknown Source)
	at com.pages.A0003_Sign_up_page_objects.back_button_is_displayed(A0003_Sign_up_page_objects.java:97)
	at stepDefinitions.customer.A0003_Sign_up_page.verify_that_back_button_should_be_displayed_in_the_sign_up_page(A0003_Sign_up_page.java:46)
	at ✽.Verify that back button should be displayed in the sign up page(file:///C:/Users/Kishor/Desktop/Appium_project/appium_shield/src/test/resources/features/customer/A0003_sign_up_page.feature:7)

</div> <!-- stack-trace -->
                  <em>
(Runs Cucumber Scenarios)                  </em>
                </div> <!-- method-content -->
              </div> <!-- method -->
              <div class="method">
                <div class="method-content">
                  <a name="runScenario(&quot;Validate need help link in sign up page&quot;, &quot;Optional[Sign up page of the customer application]&quot;)">
                  </a> <!-- runScenario("Validate need help link in sign up page", "Optional[Sign up page of the customer application]") -->
                  <span class="method-name">runScenario</span>
                  <span class="parameters">("Validate need help link in sign up page", "Optional[Sign up page of the customer application]")</span>
                  <div class="stack-trace">org.openqa.selenium.NoSuchElementException: An element could not be located on the page using the given search parameters.
For documentation on this error, please visit: https://www.selenium.dev/documentation/webdriver/troubleshooting/errors#no-such-element-exception
Build info: version: &apos;4.13.0&apos;, revision: &apos;ba948ece5b*&apos;
System info: os.name: &apos;Windows 10&apos;, os.arch: &apos;amd64&apos;, os.version: &apos;10.0&apos;, java.version: &apos;11.0.18&apos;
Driver info: io.appium.java_client.android.AndroidDriver
Command: [79c96cfd-4c9d-484b-a432-4d93c34b48b5, findElement {using=xpath, value=/hierarchy/android.widget.FrameLayout/android.widget.LinearLayout/android.widget.FrameLayout/android.widget.LinearLayout/android.widget.FrameLayout/android.widget.FrameLayout/android.view.ViewGroup/android.view.ViewGroup[2]/android.view.ViewGroup/android.view.ViewGroup/android.view.ViewGroup[1]/android.widget.FrameLayout/android.view.ViewGroup/android.view.ViewGroup/android.view.ViewGroup/android.view.ViewGroup/android.view.ViewGroup/android.view.ViewGroup/android.view.ViewGroup[2]/android.widget.TextView}]
Capabilities {appium:app: C:\Users\Kishor\Downloads\a..., appium:appPackage: com.shieldcustomer, appium:automationName: Appium, appium:databaseEnabled: false, appium:desired: {app: C:\Users\Kishor\Downloads\a..., automationName: Appium, deviceName: nokia c3, platformName: ANDROID, platformVersion: 10.0, resetKeyboard: false, unicodeKeyboard: false}, appium:deviceApiLevel: 29, appium:deviceManufacturer: HMD Global, appium:deviceModel: Nokia C3, appium:deviceName: 300E6005N091402133, appium:deviceScreenDensity: 280, appium:deviceScreenSize: 720x1440, appium:deviceUDID: 300E6005N091402133, appium:javascriptEnabled: true, appium:locationContextEnabled: false, appium:networkConnectionEnabled: true, appium:pixelRatio: 1.75, appium:platformVersion: 10, appium:resetKeyboard: false, appium:statBarHeight: 56, appium:takesScreenshot: true, appium:unicodeKeyboard: false, appium:viewportRect: {height: 1300, left: 0, top: 56, width: 720}, appium:warnings: {}, appium:webStorageEnabled: false, platformName: ANDROID}
Session ID: 79c96cfd-4c9d-484b-a432-4d93c34b48b5
	at java.base/jdk.internal.reflect.NativeConstructorAccessorImpl.newInstance0(Native Method)
	at java.base/jdk.internal.reflect.NativeConstructorAccessorImpl.newInstance(NativeConstructorAccessorImpl.java:62)
	at java.base/jdk.internal.reflect.DelegatingConstructorAccessorImpl.newInstance(DelegatingConstructorAccessorImpl.java:45)
	at java.base/java.lang.reflect.Constructor.newInstance(Constructor.java:490)
	at org.openqa.selenium.remote.codec.w3c.W3CHttpResponseCodec.createException(W3CHttpResponseCodec.java:200)
	at org.openqa.selenium.remote.codec.w3c.W3CHttpResponseCodec.decode(W3CHttpResponseCodec.java:133)
	at org.openqa.selenium.remote.codec.w3c.W3CHttpResponseCodec.decode(W3CHttpResponseCodec.java:52)
	at org.openqa.selenium.remote.HttpCommandExecutor.execute(HttpCommandExecutor.java:191)
	at io.appium.java_client.remote.AppiumCommandExecutor.execute(AppiumCommandExecutor.java:250)
	at org.openqa.selenium.remote.RemoteWebDriver.execute(RemoteWebDriver.java:602)
	at org.openqa.selenium.remote.ElementLocation$ElementFinder$2.findElement(ElementLocation.java:165)
	at org.openqa.selenium.remote.ElementLocation.findElement(ElementLocation.java:59)
	at org.openqa.selenium.remote.RemoteWebDriver.findElement(RemoteWebDriver.java:359)
	at org.openqa.selenium.remote.RemoteWebDriver.findElement(RemoteWebDriver.java:353)
	at org.openqa.selenium.support.pagefactory.DefaultElementLocator.findElement(DefaultElementLocator.java:68)
	at org.openqa.selenium.support.pagefactory.internal.LocatingElementHandler.invoke(LocatingElementHandler.java:38)
	at com.sun.proxy.$Proxy44.isDisplayed(Unknown Source)
	at com.pages.A0003_Sign_up_page_objects.need_help_link_text_is_clickable(A0003_Sign_up_page_objects.java:127)
	at stepDefinitions.customer.A0003_Sign_up_page.user_click_on_the_need_help_text_link_sign_up_page(A0003_Sign_up_page.java:344)
	at ✽.user click on the need help text link sign up page(file:///C:/Users/Kishor/Desktop/Appium_project/appium_shield/src/test/resources/features/customer/A0003_sign_up_page.feature:48)

</div> <!-- stack-trace -->
                  <em>
(Runs Cucumber Scenarios)                  </em>
                </div> <!-- method-content -->
              </div> <!-- method -->
              <div class="method">
                <div class="method-content">
                  <a name="runScenario(&quot;Validate get otp button with all invalid min text in first name and mobile number in sign up page&quot;,...)">
                  </a> <!-- runScenario("Validate get otp button with all invalid min text in first name and mobile number in sign up page",...) -->
                  <span class="method-name">runScenario</span>
                  <span class="parameters">("Validate get otp button with all invalid min text in first name and mobile number in sign up page", "Optional[Sign up page of the customer application]")</span>
                  <div class="stack-trace">org.openqa.selenium.TimeoutException: Expected condition failed: waiting for visibility of Proxy element for: DefaultElementLocator &apos;By.xpath: /hierarchy/android.widget.FrameLayout/android.widget.LinearLayout/android.widget.FrameLayout/android.widget.LinearLayout/android.widget.FrameLayout/android.widget.FrameLayout/android.view.ViewGroup/android.view.ViewGroup[2]/android.view.ViewGroup/android.view.ViewGroup/android.view.ViewGroup[1]/android.widget.FrameLayout/android.view.ViewGroup/android.view.ViewGroup/android.view.ViewGroup/android.view.ViewGroup/android.view.ViewGroup/android.view.ViewGroup/android.view.ViewGroup[3]/android.widget.EditText[1]&apos; (tried for 10 second(s) with 500 milliseconds interval)
	at org.openqa.selenium.support.ui.WebDriverWait.timeoutException(WebDriverWait.java:84)
	at org.openqa.selenium.support.ui.FluentWait.until(FluentWait.java:229)
	at com.qa.utility.ElementUtil.wait_for_element_to_be_displayed(ElementUtil.java:160)
	at com.pages.A0003_Sign_up_page_objects.first_name_user_field_is_displayed(A0003_Sign_up_page_objects.java:159)
	at stepDefinitions.customer.A0003_Sign_up_page.verify_that_user_is_on_the_sign_up_page_from_the_first_landing_page(A0003_Sign_up_page.java:460)
	at ✽.Verify that user is on the sign up page from the first landing page(file:///C:/Users/Kishor/Desktop/Appium_project/appium_shield/src/test/resources/features/customer/A0003_sign_up_page.feature:110)
Caused by: org.openqa.selenium.NoSuchElementException: An element could not be located on the page using the given search parameters.
For documentation on this error, please visit: https://www.selenium.dev/documentation/webdriver/troubleshooting/errors#no-such-element-exception
Build info: version: &apos;4.13.0&apos;, revision: &apos;ba948ece5b*&apos;
System info: os.name: &apos;Windows 10&apos;, os.arch: &apos;amd64&apos;, os.version: &apos;10.0&apos;, java.version: &apos;11.0.18&apos;
Driver info: io.appium.java_client.android.AndroidDriver
Command: [a009eccb-ccb9-4637-a712-739a8ee4ce96, findElement {using=xpath, value=/hierarchy/android.widget.FrameLayout/android.widget.LinearLayout/android.widget.FrameLayout/android.widget.LinearLayout/android.widget.FrameLayout/android.widget.FrameLayout/android.view.ViewGroup/android.view.ViewGroup[2]/android.view.ViewGroup/android.view.ViewGroup/android.view.ViewGroup[1]/android.widget.FrameLayout/android.view.ViewGroup/android.view.ViewGroup/android.view.ViewGroup/android.view.ViewGroup/android.view.ViewGroup/android.view.ViewGroup/android.view.ViewGroup[3]/android.widget.EditText[1]}]
Capabilities {appium:app: C:\Users\Kishor\Downloads\a..., appium:appPackage: com.shieldcustomer, appium:automationName: Appium, appium:databaseEnabled: false, appium:desired: {app: C:\Users\Kishor\Downloads\a..., automationName: Appium, deviceName: nokia c3, platformName: ANDROID, platformVersion: 10.0, resetKeyboard: false, unicodeKeyboard: false}, appium:deviceApiLevel: 29, appium:deviceManufacturer: HMD Global, appium:deviceModel: Nokia C3, appium:deviceName: 300E6005N091402133, appium:deviceScreenDensity: 280, appium:deviceScreenSize: 720x1440, appium:deviceUDID: 300E6005N091402133, appium:javascriptEnabled: true, appium:locationContextEnabled: false, appium:networkConnectionEnabled: true, appium:pixelRatio: 1.75, appium:platformVersion: 10, appium:resetKeyboard: false, appium:statBarHeight: 56, appium:takesScreenshot: true, appium:unicodeKeyboard: false, appium:viewportRect: {height: 1300, left: 0, top: 56, width: 720}, appium:warnings: {}, appium:webStorageEnabled: false, platformName: ANDROID}
Session ID: a009eccb-ccb9-4637-a712-739a8ee4ce96
	at jdk.internal.reflect.GeneratedConstructorAccessor33.newInstance(Unknown Source)
	at java.base/jdk.internal.reflect.DelegatingConstructorAccessorImpl.newInstance(DelegatingConstructorAccessorImpl.java:45)
	at java.base/java.lang.reflect.Constructor.newInstance(Constructor.java:490)
	at org.openqa.selenium.remote.codec.w3c.W3CHttpResponseCodec.createException(W3CHttpResponseCodec.java:200)
	at org.openqa.selenium.remote.codec.w3c.W3CHttpResponseCodec.decode(W3CHttpResponseCodec.java:133)
	at org.openqa.selenium.remote.codec.w3c.W3CHttpResponseCodec.decode(W3CHttpResponseCodec.java:52)
	at org.openqa.selenium.remote.HttpCommandExecutor.execute(HttpCommandExecutor.java:191)
	at io.appium.java_client.remote.AppiumCommandExecutor.execute(AppiumCommandExecutor.java:250)
	at org.openqa.selenium.remote.RemoteWebDriver.execute(RemoteWebDriver.java:602)
	at org.openqa.selenium.remote.ElementLocation$ElementFinder$2.findElement(ElementLocation.java:165)
	at org.openqa.selenium.remote.ElementLocation.findElement(ElementLocation.java:59)
	at org.openqa.selenium.remote.RemoteWebDriver.findElement(RemoteWebDriver.java:359)
	at org.openqa.selenium.remote.RemoteWebDriver.findElement(RemoteWebDriver.java:353)
	at org.openqa.selenium.support.pagefactory.DefaultElementLocator.findElement(DefaultElementLocator.java:68)
	at org.openqa.selenium.support.pagefactory.internal.LocatingElementHandler.invoke(LocatingElementHandler.java:38)
	at com.sun.proxy.$Proxy44.isDisplayed(Unknown Source)
	at org.openqa.selenium.support.ui.ExpectedConditions.elementIfVisible(ExpectedConditions.java:304)
	at org.openqa.selenium.support.ui.ExpectedConditions$10.apply(ExpectedConditions.java:290)
	at org.openqa.selenium.support.ui.ExpectedConditions$10.apply(ExpectedConditions.java:287)
	at org.openqa.selenium.support.ui.FluentWait.until(FluentWait.java:204)
	at com.qa.utility.ElementUtil.wait_for_element_to_be_displayed(ElementUtil.java:160)
	at com.pages.A0003_Sign_up_page_objects.first_name_user_field_is_displayed(A0003_Sign_up_page_objects.java:159)
	at stepDefinitions.customer.A0003_Sign_up_page.verify_that_user_is_on_the_sign_up_page_from_the_first_landing_page(A0003_Sign_up_page.java:460)
	at java.base/jdk.internal.reflect.NativeMethodAccessorImpl.invoke0(Native Method)
	at java.base/jdk.internal.reflect.NativeMethodAccessorImpl.invoke(NativeMethodAccessorImpl.java:62)
	at java.base/jdk.internal.reflect.DelegatingMethodAccessorImpl.invoke(DelegatingMethodAccessorImpl.java:43)
	at java.base/java.lang.reflect.Method.invoke(Method.java:566)
	at io.cucumber.java.Invoker.doInvoke(Invoker.java:66)
	at io.cucumber.java.Invoker.invoke(Invoker.java:24)
	at io.cucumber.java.AbstractGlueDefinition.invokeMethod(AbstractGlueDefinition.java:47)
	at io.cucumber.java.JavaStepDefinition.execute(JavaStepDefinition.java:29)
	at io.cucumber.core.runner.CoreStepDefinition.execute(CoreStepDefinition.java:66)
	at io.cucumber.core.runner.PickleStepDefinitionMatch.runStep(PickleStepDefinitionMatch.java:63)
	at io.cucumber.core.runner.ExecutionMode$1.execute(ExecutionMode.java:10)
	at io.cucumber.core.runner.TestStep.executeStep(TestStep.java:92)
	at io.cucumber.core.runner.TestStep.run(TestStep.java:64)
	at io.cucumber.core.runner.PickleStepTestStep.run(PickleStepTestStep.java:51)
	at io.cucumber.core.runner.TestCase.run(TestCase.java:104)
	at io.cucumber.core.runner.Runner.runPickle(Runner.java:71)
	at io.cucumber.testng.TestNGCucumberRunner.lambda$runScenario$0(TestNGCucumberRunner.java:116)
	at io.cucumber.core.runtime.CucumberExecutionContext.runTestCase(CucumberExecutionContext.java:117)
	at io.cucumber.testng.TestNGCucumberRunner.runScenario(TestNGCucumberRunner.java:113)
	at io.cucumber.testng.AbstractTestNGCucumberTests.runScenario(AbstractTestNGCucumberTests.java:31)
	at java.base/jdk.internal.reflect.NativeMethodAccessorImpl.invoke0(Native Method)
	at java.base/jdk.internal.reflect.NativeMethodAccessorImpl.invoke(NativeMethodAccessorImpl.java:62)
	at java.base/jdk.internal.reflect.DelegatingMethodAccessorImpl.invoke(DelegatingMethodAccessorImpl.java:43)
	at java.base/java.lang.reflect.Method.invoke(Method.java:566)
	at org.testng.internal.MethodInvocationHelper.invokeMethod(MethodInvocationHelper.java:133)
	at org.testng.internal.TestInvoker.invokeMethod(TestInvoker.java:598)
	at org.testng.internal.TestInvoker.invokeTestMethod(TestInvoker.java:173)
	at org.testng.internal.MethodRunner.runInSequence(MethodRunner.java:46)
	at org.testng.internal.TestInvoker$MethodInvocationAgent.invoke(TestInvoker.java:824)
	at org.testng.internal.TestInvoker.invokeTestMethods(TestInvoker.java:146)
	at org.testng.internal.TestMethodWorker.invokeTestMethods(TestMethodWorker.java:146)
	at org.testng.internal.TestMethodWorker.run(TestMethodWorker.java:128)
	at java.base/java.util.ArrayList.forEach(ArrayList.java:1541)
	at org.testng.TestRunner.privateRun(TestRunner.java:794)
	at org.testng.TestRunner.run(TestRunner.java:596)
	at org.testng.SuiteRunner.runTest(SuiteRunner.java:377)
	at org.testng.SuiteRunner.runSequentially(SuiteRunner.java:371)
	at org.testng.SuiteRunner.privateRun(SuiteRunner.java:332)
	at org.testng.SuiteRunner.run(SuiteRunner.java:276)
	at org.testng.SuiteRunnerWorker.runSuite(SuiteRunnerWorker.java:53)
	at org.testng.SuiteRunnerWorker.run(SuiteRunnerWorker.java:96)
	at org.testng.TestNG.runSuitesSequentially(TestNG.java:1212)
	at org.testng.TestNG.runSuitesLocally(TestNG.java:1134)
	at org.testng.TestNG.runSuites(TestNG.java:1063)
	at org.testng.TestNG.run(TestNG.java:1031)
	at org.testng.remote.AbstractRemoteTestNG.run(AbstractRemoteTestNG.java:115)
	at org.testng.remote.RemoteTestNG.initAndRun(RemoteTestNG.java:251)
	at org.testng.remote.RemoteTestNG.main(RemoteTestNG.java:77)

</div> <!-- stack-trace -->
                  <em>
(Runs Cucumber Scenarios)                  </em>
                </div> <!-- method-content -->
              </div> <!-- method -->
              <div class="method">
                <div class="method-content">
                  <a name="runScenario(&quot;Validate back button in sign up page&quot;, &quot;Optional[Sign up page of the customer application]&quot;)">
                  </a> <!-- runScenario("Validate back button in sign up page", "Optional[Sign up page of the customer application]") -->
                  <span class="method-name">runScenario</span>
                  <span class="parameters">("Validate back button in sign up page", "Optional[Sign up page of the customer application]")</span>
                  <div class="stack-trace">org.openqa.selenium.NoSuchElementException: An element could not be located on the page using the given search parameters.
For documentation on this error, please visit: https://www.selenium.dev/documentation/webdriver/troubleshooting/errors#no-such-element-exception
Build info: version: &apos;4.13.0&apos;, revision: &apos;ba948ece5b*&apos;
System info: os.name: &apos;Windows 10&apos;, os.arch: &apos;amd64&apos;, os.version: &apos;10.0&apos;, java.version: &apos;11.0.18&apos;
Driver info: io.appium.java_client.android.AndroidDriver
Command: [0b6af132-ab43-423d-82e5-250b037c244f, findElement {using=xpath, value=/hierarchy/android.widget.FrameLayout/android.widget.LinearLayout/android.widget.FrameLayout/android.widget.LinearLayout/android.widget.FrameLayout/android.widget.FrameLayout/android.view.ViewGroup/android.view.ViewGroup[2]/android.view.ViewGroup/android.view.ViewGroup/android.view.ViewGroup[1]/android.widget.FrameLayout/android.view.ViewGroup/android.view.ViewGroup/android.view.ViewGroup/android.view.ViewGroup/android.view.ViewGroup/android.view.ViewGroup/android.view.ViewGroup[2]/android.view.ViewGroup/com.horcrux.svg.SvgView}]
Capabilities {appium:app: C:\Users\Kishor\Downloads\a..., appium:appPackage: com.shieldcustomer, appium:automationName: Appium, appium:databaseEnabled: false, appium:desired: {app: C:\Users\Kishor\Downloads\a..., automationName: Appium, deviceName: nokia c3, platformName: ANDROID, platformVersion: 10.0, resetKeyboard: false, unicodeKeyboard: false}, appium:deviceApiLevel: 29, appium:deviceManufacturer: HMD Global, appium:deviceModel: Nokia C3, appium:deviceName: 300E6005N091402133, appium:deviceScreenDensity: 280, appium:deviceScreenSize: 720x1440, appium:deviceUDID: 300E6005N091402133, appium:javascriptEnabled: true, appium:locationContextEnabled: false, appium:networkConnectionEnabled: true, appium:pixelRatio: 1.75, appium:platformVersion: 10, appium:resetKeyboard: false, appium:statBarHeight: 56, appium:takesScreenshot: true, appium:unicodeKeyboard: false, appium:viewportRect: {height: 1300, left: 0, top: 56, width: 720}, appium:warnings: {}, appium:webStorageEnabled: false, platformName: ANDROID}
Session ID: 0b6af132-ab43-423d-82e5-250b037c244f
	at java.base/jdk.internal.reflect.NativeConstructorAccessorImpl.newInstance0(Native Method)
	at java.base/jdk.internal.reflect.NativeConstructorAccessorImpl.newInstance(NativeConstructorAccessorImpl.java:62)
	at java.base/jdk.internal.reflect.DelegatingConstructorAccessorImpl.newInstance(DelegatingConstructorAccessorImpl.java:45)
	at java.base/java.lang.reflect.Constructor.newInstance(Constructor.java:490)
	at org.openqa.selenium.remote.codec.w3c.W3CHttpResponseCodec.createException(W3CHttpResponseCodec.java:200)
	at org.openqa.selenium.remote.codec.w3c.W3CHttpResponseCodec.decode(W3CHttpResponseCodec.java:133)
	at org.openqa.selenium.remote.codec.w3c.W3CHttpResponseCodec.decode(W3CHttpResponseCodec.java:52)
	at org.openqa.selenium.remote.HttpCommandExecutor.execute(HttpCommandExecutor.java:191)
	at io.appium.java_client.remote.AppiumCommandExecutor.execute(AppiumCommandExecutor.java:250)
	at org.openqa.selenium.remote.RemoteWebDriver.execute(RemoteWebDriver.java:602)
	at org.openqa.selenium.remote.ElementLocation$ElementFinder$2.findElement(ElementLocation.java:165)
	at org.openqa.selenium.remote.ElementLocation.findElement(ElementLocation.java:59)
	at org.openqa.selenium.remote.RemoteWebDriver.findElement(RemoteWebDriver.java:359)
	at org.openqa.selenium.remote.RemoteWebDriver.findElement(RemoteWebDriver.java:353)
	at org.openqa.selenium.support.pagefactory.DefaultElementLocator.findElement(DefaultElementLocator.java:68)
	at org.openqa.selenium.support.pagefactory.internal.LocatingElementHandler.invoke(LocatingElementHandler.java:38)
	at com.sun.proxy.$Proxy44.click(Unknown Source)
	at com.pages.A0003_Sign_up_page_objects.back_button_is_clicked(A0003_Sign_up_page_objects.java:111)
	at stepDefinitions.customer.A0003_Sign_up_page.user_click_on_the_back_button_in_the_sign_up_page(A0003_Sign_up_page.java:313)
	at ✽.user click on the back button in the sign up page(file:///C:/Users/Kishor/Desktop/Appium_project/appium_shield/src/test/resources/features/customer/A0003_sign_up_page.feature:42)

</div> <!-- stack-trace -->
                  <em>
(Runs Cucumber Scenarios)                  </em>
                </div> <!-- method-content -->
              </div> <!-- method -->
              <div class="method">
                <div class="method-content">
                  <a name="runScenario(&quot;Validate get otp button with invalid min text in first name and last name in sign up page&quot;, &quot;Option...)">
                  </a> <!-- runScenario("Validate get otp button with invalid min text in first name and last name in sign up page", "Option...) -->
                  <span class="method-name">runScenario</span>
                  <span class="parameters">("Validate get otp button with invalid min text in first name and last name in sign up page", "Optional[Sign up page of the customer application]")</span>
                  <div class="stack-trace">java.lang.AssertionError: expected [false] but found [true]
	at org.testng.Assert.fail(Assert.java:99)
	at org.testng.Assert.failNotEquals(Assert.java:1037)
	at org.testng.Assert.assertEqualsImpl(Assert.java:140)
	at org.testng.Assert.assertEquals(Assert.java:122)
	at org.testng.Assert.assertEquals(Assert.java:819)
	at org.testng.Assert.assertEquals(Assert.java:829)
	at stepDefinitions.customer.A0003_Sign_up_page.verify_that_get_otp_button_should_not_be_clickable_with_invalid_test_data_in_the_sign_up_page(A0003_Sign_up_page.java:484)
	at ✽.Verify that get otp button should not be clickable with invalid test data in the sign up page(file:///C:/Users/Kishor/Desktop/Appium_project/appium_shield/src/test/resources/features/customer/A0003_sign_up_page.feature:94)

</div> <!-- stack-trace -->
                  <em>
(Runs Cucumber Scenarios)                  </em>
                </div> <!-- method-content -->
              </div> <!-- method -->
              <div class="method">
                <div class="method-content">
                  <a name="runScenario(&quot;Validate log in link sign up page&quot;, &quot;Optional[Sign up page of the customer application]&quot;)">
                  </a> <!-- runScenario("Validate log in link sign up page", "Optional[Sign up page of the customer application]") -->
                  <span class="method-name">runScenario</span>
                  <span class="parameters">("Validate log in link sign up page", "Optional[Sign up page of the customer application]")</span>
                  <div class="stack-trace">org.openqa.selenium.InvalidSelectorException: Locator Strategy &apos;link text&apos; is not supported for this session
For documentation on this error, please visit: https://www.selenium.dev/documentation/webdriver/troubleshooting/errors#invalid-selector-exception
Build info: version: &apos;4.13.0&apos;, revision: &apos;ba948ece5b*&apos;
System info: os.name: &apos;Windows 10&apos;, os.arch: &apos;amd64&apos;, os.version: &apos;10.0&apos;, java.version: &apos;11.0.18&apos;
Driver info: io.appium.java_client.android.AndroidDriver
Command: [f45a788b-2076-4aea-b10d-2572a99ecb5c, findElement {using=link text, value=Login}]
Capabilities {appium:app: C:\Users\Kishor\Downloads\a..., appium:appPackage: com.shieldcustomer, appium:automationName: Appium, appium:databaseEnabled: false, appium:desired: {app: C:\Users\Kishor\Downloads\a..., automationName: Appium, deviceName: nokia c3, platformName: ANDROID, platformVersion: 10.0, resetKeyboard: false, unicodeKeyboard: false}, appium:deviceApiLevel: 29, appium:deviceManufacturer: HMD Global, appium:deviceModel: Nokia C3, appium:deviceName: 300E6005N091402133, appium:deviceScreenDensity: 280, appium:deviceScreenSize: 720x1440, appium:deviceUDID: 300E6005N091402133, appium:javascriptEnabled: true, appium:locationContextEnabled: false, appium:networkConnectionEnabled: true, appium:pixelRatio: 1.75, appium:platformVersion: 10, appium:resetKeyboard: false, appium:statBarHeight: 56, appium:takesScreenshot: true, appium:unicodeKeyboard: false, appium:viewportRect: {height: 1300, left: 0, top: 56, width: 720}, appium:warnings: {}, appium:webStorageEnabled: false, platformName: ANDROID}
Session ID: f45a788b-2076-4aea-b10d-2572a99ecb5c
	at java.base/jdk.internal.reflect.NativeConstructorAccessorImpl.newInstance0(Native Method)
	at java.base/jdk.internal.reflect.NativeConstructorAccessorImpl.newInstance(NativeConstructorAccessorImpl.java:62)
	at java.base/jdk.internal.reflect.DelegatingConstructorAccessorImpl.newInstance(DelegatingConstructorAccessorImpl.java:45)
	at java.base/java.lang.reflect.Constructor.newInstance(Constructor.java:490)
	at org.openqa.selenium.remote.codec.w3c.W3CHttpResponseCodec.createException(W3CHttpResponseCodec.java:200)
	at org.openqa.selenium.remote.codec.w3c.W3CHttpResponseCodec.decode(W3CHttpResponseCodec.java:133)
	at org.openqa.selenium.remote.codec.w3c.W3CHttpResponseCodec.decode(W3CHttpResponseCodec.java:52)
	at org.openqa.selenium.remote.HttpCommandExecutor.execute(HttpCommandExecutor.java:191)
	at io.appium.java_client.remote.AppiumCommandExecutor.execute(AppiumCommandExecutor.java:250)
	at org.openqa.selenium.remote.RemoteWebDriver.execute(RemoteWebDriver.java:602)
	at org.openqa.selenium.remote.ElementLocation$ElementFinder$2.findElement(ElementLocation.java:165)
	at org.openqa.selenium.remote.ElementLocation.findElement(ElementLocation.java:59)
	at org.openqa.selenium.remote.RemoteWebDriver.findElement(RemoteWebDriver.java:359)
	at org.openqa.selenium.remote.RemoteWebDriver.findElement(RemoteWebDriver.java:353)
	at org.openqa.selenium.support.pagefactory.DefaultElementLocator.findElement(DefaultElementLocator.java:68)
	at org.openqa.selenium.support.pagefactory.internal.LocatingElementHandler.invoke(LocatingElementHandler.java:38)
	at com.sun.proxy.$Proxy44.isEnabled(Unknown Source)
	at com.pages.A0003_Sign_up_page_objects.log_in_link_is_clickable(A0003_Sign_up_page_objects.java:440)
	at stepDefinitions.customer.A0003_Sign_up_page.user_click_on_the_log_in_link_from_the_sign_up_page(A0003_Sign_up_page.java:520)
	at ✽.User click on the log in link from the sign up page(file:///C:/Users/Kishor/Desktop/Appium_project/appium_shield/src/test/resources/features/customer/A0003_sign_up_page.feature:198)

</div> <!-- stack-trace -->
                  <em>
(Runs Cucumber Scenarios)                  </em>
                </div> <!-- method-content -->
              </div> <!-- method -->
              <div class="method">
                <div class="method-content">
                  <a name="runScenario(&quot;Validate get otp button with invalid min text in first name in sign up page&quot;, &quot;Optional[Sign up pag...)">
                  </a> <!-- runScenario("Validate get otp button with invalid min text in first name in sign up page", "Optional[Sign up pag...) -->
                  <span class="method-name">runScenario</span>
                  <span class="parameters">("Validate get otp button with invalid min text in first name in sign up page", "Optional[Sign up page of the customer application]")</span>
                  <div class="stack-trace">java.lang.AssertionError: expected [false] but found [true]
	at org.testng.Assert.fail(Assert.java:99)
	at org.testng.Assert.failNotEquals(Assert.java:1037)
	at org.testng.Assert.assertEqualsImpl(Assert.java:140)
	at org.testng.Assert.assertEquals(Assert.java:122)
	at org.testng.Assert.assertEquals(Assert.java:819)
	at org.testng.Assert.assertEquals(Assert.java:829)
	at stepDefinitions.customer.A0003_Sign_up_page.verify_that_get_otp_button_should_not_be_clickable_with_invalid_test_data_in_the_sign_up_page(A0003_Sign_up_page.java:484)
	at ✽.Verify that get otp button should not be clickable with invalid test data in the sign up page(file:///C:/Users/Kishor/Desktop/Appium_project/appium_shield/src/test/resources/features/customer/A0003_sign_up_page.feature:130)

</div> <!-- stack-trace -->
                  <em>
(Runs Cucumber Scenarios)                  </em>
                </div> <!-- method-content -->
              </div> <!-- method -->
            </div> <!-- main-panel-content rounded-window-bottom -->
          </div> <!-- suite-Default_suite-class-failed -->
          <div class="suite-Default_suite-class-passed">
            <div class="main-panel-header rounded-window-top">
              <img src="passed.png"/>
              <span class="class-name">com.testRunnersTestNG.TestNGTestRunner</span>
            </div> <!-- main-panel-header rounded-window-top -->
            <div class="main-panel-content rounded-window-bottom">
              <div class="method">
                <div class="method-content">
                  <a name="runScenario(&quot;Validate get otp button as invalid mobile number with letters in sign up page&quot;, &quot;Optional[Sign up p...)">
                  </a> <!-- runScenario("Validate get otp button as invalid mobile number with letters in sign up page", "Optional[Sign up p...) -->
                  <span class="method-name">runScenario</span>
                  <span class="parameters">("Validate get otp button as invalid mobile number with letters in sign up page", "Optional[Sign up page of the customer application]")</span>
                  <em>
(Runs Cucumber Scenarios)                  </em>
                </div> <!-- method-content -->
              </div> <!-- method -->
              <div class="method">
                <div class="method-content">
                  <a name="runScenario(&quot;Validate get otp button with invalid min text in first name and mobile number in sign up page&quot;, &quot;Op...)">
                  </a> <!-- runScenario("Validate get otp button with invalid min text in first name and mobile number in sign up page", "Op...) -->
                  <span class="method-name">runScenario</span>
                  <span class="parameters">("Validate get otp button with invalid min text in first name and mobile number in sign up page", "Optional[Sign up page of the customer application]")</span>
                  <em>
(Runs Cucumber Scenarios)                  </em>
                </div> <!-- method-content -->
              </div> <!-- method -->
              <div class="method">
                <div class="method-content">
                  <a name="runScenario(&quot;Validate get otp button with valid last name with upto max length in sign up page&quot;, &quot;Optional[Sign ...)">
                  </a> <!-- runScenario("Validate get otp button with valid last name with upto max length in sign up page", "Optional[Sign ...) -->
                  <span class="method-name">runScenario</span>
                  <span class="parameters">("Validate get otp button with valid last name with upto max length in sign up page", "Optional[Sign up page of the customer application]")</span>
                  <em>
(Runs Cucumber Scenarios)                  </em>
                </div> <!-- method-content -->
              </div> <!-- method -->
              <div class="method">
                <div class="method-content">
                  <a name="runScenario(&quot;Validate get otp button with all invalid min text in test data in sign up page&quot;, &quot;Optional[Sign up ...)">
                  </a> <!-- runScenario("Validate get otp button with all invalid min text in test data in sign up page", "Optional[Sign up ...) -->
                  <span class="method-name">runScenario</span>
                  <span class="parameters">("Validate get otp button with all invalid min text in test data in sign up page", "Optional[Sign up page of the customer application]")</span>
                  <em>
(Runs Cucumber Scenarios)                  </em>
                </div> <!-- method-content -->
              </div> <!-- method -->
              <div class="method">
                <div class="method-content">
                  <a name="runScenario(&quot;Validate get otp button with invalid min text in last name and mobile number in sign up page&quot;, &quot;Opt...)">
                  </a> <!-- runScenario("Validate get otp button with invalid min text in last name and mobile number in sign up page", "Opt...) -->
                  <span class="method-name">runScenario</span>
                  <span class="parameters">("Validate get otp button with invalid min text in last name and mobile number in sign up page", "Optional[Sign up page of the customer application]")</span>
                  <em>
(Runs Cucumber Scenarios)                  </em>
                </div> <!-- method-content -->
              </div> <!-- method -->
              <div class="method">
                <div class="method-content">
                  <a name="runScenario(&quot;Validate get otp button as empty mobile number with special chars in sign up page&quot;, &quot;Optional[Sign ...)">
                  </a> <!-- runScenario("Validate get otp button as empty mobile number with special chars in sign up page", "Optional[Sign ...) -->
                  <span class="method-name">runScenario</span>
                  <span class="parameters">("Validate get otp button as empty mobile number with special chars in sign up page", "Optional[Sign up page of the customer application]")</span>
                  <em>
(Runs Cucumber Scenarios)                  </em>
                </div> <!-- method-content -->
              </div> <!-- method -->
              <div class="method">
                <div class="method-content">
                  <a name="runScenario(&quot;Validate get otp button as invalid last name with with special chars in sign up page&quot;, &quot;Optional[Si...)">
                  </a> <!-- runScenario("Validate get otp button as invalid last name with with special chars in sign up page", "Optional[Si...) -->
                  <span class="method-name">runScenario</span>
                  <span class="parameters">("Validate get otp button as invalid last name with with special chars in sign up page", "Optional[Sign up page of the customer application]")</span>
                  <em>
(Runs Cucumber Scenarios)                  </em>
                </div> <!-- method-content -->
              </div> <!-- method -->
              <div class="method">
                <div class="method-content">
                  <a name="runScenario(&quot;Validate get otp button as invalid mobile number with special chars in sign up page&quot;, &quot;Optional[Sig...)">
                  </a> <!-- runScenario("Validate get otp button as invalid mobile number with special chars in sign up page", "Optional[Sig...) -->
                  <span class="method-name">runScenario</span>
                  <span class="parameters">("Validate get otp button as invalid mobile number with special chars in sign up page", "Optional[Sign up page of the customer application]")</span>
                  <em>
(Runs Cucumber Scenarios)                  </em>
                </div> <!-- method-content -->
              </div> <!-- method -->
              <div class="method">
                <div class="method-content">
                  <a name="runScenario(&quot;Validate get otp button as empty first name with special chars in sign up page&quot;, &quot;Optional[Sign up ...)">
                  </a> <!-- runScenario("Validate get otp button as empty first name with special chars in sign up page", "Optional[Sign up ...) -->
                  <span class="method-name">runScenario</span>
                  <span class="parameters">("Validate get otp button as empty first name with special chars in sign up page", "Optional[Sign up page of the customer application]")</span>
                  <em>
(Runs Cucumber Scenarios)                  </em>
                </div> <!-- method-content -->
              </div> <!-- method -->
              <div class="method">
                <div class="method-content">
                  <a name="runScenario(&quot;Validate new sign up user redirected to the home page via validating otp&quot;, &quot;Optional[Sign up page o...)">
                  </a> <!-- runScenario("Validate new sign up user redirected to the home page via validating otp", "Optional[Sign up page o...) -->
                  <span class="method-name">runScenario</span>
                  <span class="parameters">("Validate new sign up user redirected to the home page via validating otp", "Optional[Sign up page of the customer application]")</span>
                  <em>
(Runs Cucumber Scenarios)                  </em>
                </div> <!-- method-content -->
              </div> <!-- method -->
              <div class="method">
                <div class="method-content">
                  <a name="runScenario(&quot;Validate get otp button as empty last name with with special chars in sign up page&quot;, &quot;Optional[Sign...)">
                  </a> <!-- runScenario("Validate get otp button as empty last name with with special chars in sign up page", "Optional[Sign...) -->
                  <span class="method-name">runScenario</span>
                  <span class="parameters">("Validate get otp button as empty last name with with special chars in sign up page", "Optional[Sign up page of the customer application]")</span>
                  <em>
(Runs Cucumber Scenarios)                  </em>
                </div> <!-- method-content -->
              </div> <!-- method -->
              <div class="method">
                <div class="method-content">
                  <a name="runScenario(&quot;Validate get otp button as invalid first name with numbers in sign up page&quot;, &quot;Optional[Sign up page...)">
                  </a> <!-- runScenario("Validate get otp button as invalid first name with numbers in sign up page", "Optional[Sign up page...) -->
                  <span class="method-name">runScenario</span>
                  <span class="parameters">("Validate get otp button as invalid first name with numbers in sign up page", "Optional[Sign up page of the customer application]")</span>
                  <em>
(Runs Cucumber Scenarios)                  </em>
                </div> <!-- method-content -->
              </div> <!-- method -->
              <div class="method">
                <div class="method-content">
                  <a name="runScenario(&quot;Validate get otp button with both valid upto max length in sign up page&quot;, &quot;Optional[Sign up page of...)">
                  </a> <!-- runScenario("Validate get otp button with both valid upto max length in sign up page", "Optional[Sign up page of...) -->
                  <span class="method-name">runScenario</span>
                  <span class="parameters">("Validate get otp button with both valid upto max length in sign up page", "Optional[Sign up page of the customer application]")</span>
                  <em>
(Runs Cucumber Scenarios)                  </em>
                </div> <!-- method-content -->
              </div> <!-- method -->
              <div class="method">
                <div class="method-content">
                  <a name="runScenario(&quot;Validate get otp button with invalid min text in mobile number in sign up page&quot;, &quot;Optional[Sign up ...)">
                  </a> <!-- runScenario("Validate get otp button with invalid min text in mobile number in sign up page", "Optional[Sign up ...) -->
                  <span class="method-name">runScenario</span>
                  <span class="parameters">("Validate get otp button with invalid min text in mobile number in sign up page", "Optional[Sign up page of the customer application]")</span>
                  <em>
(Runs Cucumber Scenarios)                  </em>
                </div> <!-- method-content -->
              </div> <!-- method -->
              <div class="method">
                <div class="method-content">
                  <a name="runScenario(&quot;Validate get otp button with valid first name with upto max length in sign up page&quot;, &quot;Optional[Sign...)">
                  </a> <!-- runScenario("Validate get otp button with valid first name with upto max length in sign up page", "Optional[Sign...) -->
                  <span class="method-name">runScenario</span>
                  <span class="parameters">("Validate get otp button with valid first name with upto max length in sign up page", "Optional[Sign up page of the customer application]")</span>
                  <em>
(Runs Cucumber Scenarios)                  </em>
                </div> <!-- method-content -->
              </div> <!-- method -->
              <div class="method">
                <div class="method-content">
                  <a name="runScenario(&quot;Validate get otp button as invalid last name with numbers in sign up page&quot;, &quot;Optional[Sign up page ...)">
                  </a> <!-- runScenario("Validate get otp button as invalid last name with numbers in sign up page", "Optional[Sign up page ...) -->
                  <span class="method-name">runScenario</span>
                  <span class="parameters">("Validate get otp button as invalid last name with numbers in sign up page", "Optional[Sign up page of the customer application]")</span>
                  <em>
(Runs Cucumber Scenarios)                  </em>
                </div> <!-- method-content -->
              </div> <!-- method -->
              <div class="method">
                <div class="method-content">
                  <a name="runScenario(&quot;Validate get otp button with all empty spaces in user fields in sign up page&quot;, &quot;Optional[Sign up pa...)">
                  </a> <!-- runScenario("Validate get otp button with all empty spaces in user fields in sign up page", "Optional[Sign up pa...) -->
                  <span class="method-name">runScenario</span>
                  <span class="parameters">("Validate get otp button with all empty spaces in user fields in sign up page", "Optional[Sign up page of the customer application]")</span>
                  <em>
(Runs Cucumber Scenarios)                  </em>
                </div> <!-- method-content -->
              </div> <!-- method -->
              <div class="method">
                <div class="method-content">
                  <a name="runScenario(&quot;Validate get otp button as invalid first name with special chars in sign up page&quot;, &quot;Optional[Sign u...)">
                  </a> <!-- runScenario("Validate get otp button as invalid first name with special chars in sign up page", "Optional[Sign u...) -->
                  <span class="method-name">runScenario</span>
                  <span class="parameters">("Validate get otp button as invalid first name with special chars in sign up page", "Optional[Sign up page of the customer application]")</span>
                  <em>
(Runs Cucumber Scenarios)                  </em>
                </div> <!-- method-content -->
              </div> <!-- method -->
            </div> <!-- main-panel-content rounded-window-bottom -->
          </div> <!-- suite-Default_suite-class-passed -->
        </div> <!-- panel Default_suite -->
        <div panel-name="test-xml-Default_suite" class="panel">
          <div class="main-panel-header rounded-window-top">
            <span class="header-content">C:\Users\Kishor\AppData\Local\Temp\testng-eclipse--1309896884\testng-customsuite.xml</span>
          </div> <!-- main-panel-header rounded-window-top -->
          <div class="main-panel-content rounded-window-bottom">
            <pre>
&lt;?xml version=&quot;1.0&quot; encoding=&quot;UTF-8&quot;?&gt;
&lt;!DOCTYPE suite SYSTEM &quot;https://testng.org/testng-1.0.dtd&quot;&gt;
&lt;suite name=&quot;Default suite&quot; guice-stage=&quot;DEVELOPMENT&quot;&gt;
  &lt;test thread-count=&quot;5&quot; name=&quot;Default test&quot; verbose=&quot;2&quot;&gt;
    &lt;classes&gt;
      &lt;class name=&quot;com.testRunnersTestNG.TestNGTestRunner&quot;/&gt;
    &lt;/classes&gt;
  &lt;/test&gt; &lt;!-- Default test --&gt;
&lt;/suite&gt; &lt;!-- Default suite --&gt;
            </pre>
          </div> <!-- main-panel-content rounded-window-bottom -->
        </div> <!-- panel -->
        <div panel-name="testlist-Default_suite" class="panel">
          <div class="main-panel-header rounded-window-top">
            <span class="header-content">Tests for Default suite</span>
          </div> <!-- main-panel-header rounded-window-top -->
          <div class="main-panel-content rounded-window-bottom">
            <ul>
              <li>
                <span class="test-name">Default test (1 class)</span>
              </li>
            </ul>
          </div> <!-- main-panel-content rounded-window-bottom -->
        </div> <!-- panel -->
        <div panel-name="group-Default_suite" class="panel">
          <div class="main-panel-header rounded-window-top">
            <span class="header-content">Groups for Default suite</span>
          </div> <!-- main-panel-header rounded-window-top -->
          <div class="main-panel-content rounded-window-bottom">
            <div class="test-group">
              <span class="test-group-name">cucumber</span>
              <br/>
              <div class="method-in-group">
                <span class="method-in-group-name">runScenario</span>
                <br/>
              </div> <!-- method-in-group -->
            </div> <!-- test-group -->
          </div> <!-- main-panel-content rounded-window-bottom -->
        </div> <!-- panel -->
        <div panel-name="times-Default_suite" class="panel">
          <div class="main-panel-header rounded-window-top">
            <span class="header-content">Times for Default suite</span>
          </div> <!-- main-panel-header rounded-window-top -->
          <div class="main-panel-content rounded-window-bottom">
            <div class="times-div">
              <script type="text/javascript">
suiteTableInitFunctions.push('tableData_Default_suite');
function tableData_Default_suite() {
var data = new google.visualization.DataTable();
data.addColumn('number', 'Number');
data.addColumn('string', 'Method');
data.addColumn('string', 'Class');
data.addColumn('number', 'Time (ms)');
data.addRows(26);
data.setCell(0, 0, 0)
data.setCell(0, 1, 'runScenario')
data.setCell(0, 2, 'com.testRunnersTestNG.TestNGTestRunner')
data.setCell(0, 3, 57822);
data.setCell(1, 0, 1)
data.setCell(1, 1, 'runScenario')
data.setCell(1, 2, 'com.testRunnersTestNG.TestNGTestRunner')
data.setCell(1, 3, 32944);
data.setCell(2, 0, 2)
data.setCell(2, 1, 'runScenario')
data.setCell(2, 2, 'com.testRunnersTestNG.TestNGTestRunner')
data.setCell(2, 3, 28823);
data.setCell(3, 0, 3)
data.setCell(3, 1, 'runScenario')
data.setCell(3, 2, 'com.testRunnersTestNG.TestNGTestRunner')
data.setCell(3, 3, 28476);
data.setCell(4, 0, 4)
data.setCell(4, 1, 'runScenario')
data.setCell(4, 2, 'com.testRunnersTestNG.TestNGTestRunner')
data.setCell(4, 3, 27848);
data.setCell(5, 0, 5)
data.setCell(5, 1, 'runScenario')
data.setCell(5, 2, 'com.testRunnersTestNG.TestNGTestRunner')
data.setCell(5, 3, 27681);
data.setCell(6, 0, 6)
data.setCell(6, 1, 'runScenario')
data.setCell(6, 2, 'com.testRunnersTestNG.TestNGTestRunner')
data.setCell(6, 3, 27551);
data.setCell(7, 0, 7)
data.setCell(7, 1, 'runScenario')
data.setCell(7, 2, 'com.testRunnersTestNG.TestNGTestRunner')
data.setCell(7, 3, 27474);
data.setCell(8, 0, 8)
data.setCell(8, 1, 'runScenario')
data.setCell(8, 2, 'com.testRunnersTestNG.TestNGTestRunner')
data.setCell(8, 3, 27300);
data.setCell(9, 0, 9)
data.setCell(9, 1, 'runScenario')
data.setCell(9, 2, 'com.testRunnersTestNG.TestNGTestRunner')
data.setCell(9, 3, 27297);
data.setCell(10, 0, 10)
data.setCell(10, 1, 'runScenario')
data.setCell(10, 2, 'com.testRunnersTestNG.TestNGTestRunner')
data.setCell(10, 3, 27043);
data.setCell(11, 0, 11)
data.setCell(11, 1, 'runScenario')
data.setCell(11, 2, 'com.testRunnersTestNG.TestNGTestRunner')
data.setCell(11, 3, 26989);
data.setCell(12, 0, 12)
data.setCell(12, 1, 'runScenario')
data.setCell(12, 2, 'com.testRunnersTestNG.TestNGTestRunner')
data.setCell(12, 3, 26957);
data.setCell(13, 0, 13)
data.setCell(13, 1, 'runScenario')
data.setCell(13, 2, 'com.testRunnersTestNG.TestNGTestRunner')
data.setCell(13, 3, 26750);
data.setCell(14, 0, 14)
data.setCell(14, 1, 'runScenario')
data.setCell(14, 2, 'com.testRunnersTestNG.TestNGTestRunner')
data.setCell(14, 3, 26693);
data.setCell(15, 0, 15)
data.setCell(15, 1, 'runScenario')
data.setCell(15, 2, 'com.testRunnersTestNG.TestNGTestRunner')
data.setCell(15, 3, 26473);
data.setCell(16, 0, 16)
data.setCell(16, 1, 'runScenario')
data.setCell(16, 2, 'com.testRunnersTestNG.TestNGTestRunner')
data.setCell(16, 3, 26262);
data.setCell(17, 0, 17)
data.setCell(17, 1, 'runScenario')
data.setCell(17, 2, 'com.testRunnersTestNG.TestNGTestRunner')
data.setCell(17, 3, 25614);
data.setCell(18, 0, 18)
data.setCell(18, 1, 'runScenario')
data.setCell(18, 2, 'com.testRunnersTestNG.TestNGTestRunner')
data.setCell(18, 3, 25145);
data.setCell(19, 0, 19)
data.setCell(19, 1, 'runScenario')
data.setCell(19, 2, 'com.testRunnersTestNG.TestNGTestRunner')
data.setCell(19, 3, 25106);
data.setCell(20, 0, 20)
data.setCell(20, 1, 'runScenario')
data.setCell(20, 2, 'com.testRunnersTestNG.TestNGTestRunner')
data.setCell(20, 3, 24905);
data.setCell(21, 0, 21)
data.setCell(21, 1, 'runScenario')
data.setCell(21, 2, 'com.testRunnersTestNG.TestNGTestRunner')
data.setCell(21, 3, 24688);
data.setCell(22, 0, 22)
data.setCell(22, 1, 'runScenario')
data.setCell(22, 2, 'com.testRunnersTestNG.TestNGTestRunner')
data.setCell(22, 3, 24583);
data.setCell(23, 0, 23)
data.setCell(23, 1, 'runScenario')
data.setCell(23, 2, 'com.testRunnersTestNG.TestNGTestRunner')
data.setCell(23, 3, 22814);
data.setCell(24, 0, 24)
data.setCell(24, 1, 'runScenario')
data.setCell(24, 2, 'com.testRunnersTestNG.TestNGTestRunner')
data.setCell(24, 3, 21613);
data.setCell(25, 0, 25)
data.setCell(25, 1, 'runScenario')
data.setCell(25, 2, 'com.testRunnersTestNG.TestNGTestRunner')
data.setCell(25, 3, 19955);
window.suiteTableData['Default_suite']= { tableData: data, tableDiv: 'times-div-Default_suite'}
return data;
}
              </script>
              <span class="suite-total-time">Total running time: 11 minutes</span>
              <div id="times-div-Default_suite">
              </div> <!-- times-div-Default_suite -->
            </div> <!-- times-div -->
          </div> <!-- main-panel-content rounded-window-bottom -->
        </div> <!-- panel -->
        <div panel-name="reporter-Default_suite" class="panel">
          <div class="main-panel-header rounded-window-top">
            <span class="header-content">Reporter output for Default suite</span>
          </div> <!-- main-panel-header rounded-window-top -->
          <div class="main-panel-content rounded-window-bottom">
          </div> <!-- main-panel-content rounded-window-bottom -->
        </div> <!-- panel -->
        <div panel-name="ignored-methods-Default_suite" class="panel">
          <div class="main-panel-header rounded-window-top">
            <span class="header-content">0 ignored methods</span>
          </div> <!-- main-panel-header rounded-window-top -->
          <div class="main-panel-content rounded-window-bottom">
          </div> <!-- main-panel-content rounded-window-bottom -->
        </div> <!-- panel -->
        <div panel-name="chronological-Default_suite" class="panel">
          <div class="main-panel-header rounded-window-top">
            <span class="header-content">Methods in chronological order</span>
          </div> <!-- main-panel-header rounded-window-top -->
          <div class="main-panel-content rounded-window-bottom">
            <div class="chronological-class">
              <div class="chronological-class-name">com.testRunnersTestNG.TestNGTestRunner</div> <!-- chronological-class-name -->
              <div class="configuration-class before">
                <span class="method-name">setUpClass</span>
                <span class="method-start">0 ms</span>
              </div> <!-- configuration-class before -->
              <div class="test-method">
                <img src="failed.png">
                </img>
                <span class="method-name">runScenario("Validate elements in sign up page", "Optional[Sign up page of the customer application]")</span>
                <span class="method-start">1942 ms</span>
              </div> <!-- test-method -->
              <div class="test-method">
                <img src="failed.png">
                </img>
                <span class="method-name">runScenario("Validate back button in sign up page", "Optional[Sign up page of the customer application]")</span>
                <span class="method-start">28991 ms</span>
              </div> <!-- test-method -->
              <div class="test-method">
                <img src="failed.png">
                </img>
                <span class="method-name">runScenario("Validate need help link in sign up page", "Optional[Sign up page of the customer application]")</span>
                <span class="method-start">51808 ms</span>
              </div> <!-- test-method -->
              <div class="test-method">
                <span class="method-name">runScenario("Validate new sign up user redirected to the home page via validating otp", "Optional[Sign up page o...)</span>
                <span class="method-start">73424 ms</span>
              </div> <!-- test-method -->
              <div class="test-method">
                <span class="method-name">runScenario("Validate get otp button with valid first name with upto max length in sign up page", "Optional[Sign...)</span>
                <span class="method-start">131247 ms</span>
              </div> <!-- test-method -->
              <div class="test-method">
                <span class="method-name">runScenario("Validate get otp button with valid last name with upto max length in sign up page", "Optional[Sign ...)</span>
                <span class="method-start">159725 ms</span>
              </div> <!-- test-method -->
              <div class="test-method">
                <span class="method-name">runScenario("Validate get otp button with both valid upto max length in sign up page", "Optional[Sign up page of...)</span>
                <span class="method-start">187027 ms</span>
              </div> <!-- test-method -->
              <div class="test-method">
                <span class="method-name">runScenario("Validate get otp button with all invalid min text in test data in sign up page", "Optional[Sign up ...)</span>
                <span class="method-start">214326 ms</span>
              </div> <!-- test-method -->
              <div class="test-method">
                <img src="failed.png">
                </img>
                <span class="method-name">runScenario("Validate get otp button with invalid min text in first name and last name in sign up page", "Option...)</span>
                <span class="method-start">241020 ms</span>
              </div> <!-- test-method -->
              <div class="test-method">
                <span class="method-name">runScenario("Validate get otp button with invalid min text in first name and mobile number in sign up page", "Op...)</span>
                <span class="method-start">267494 ms</span>
              </div> <!-- test-method -->
              <div class="test-method">
                <span class="method-name">runScenario("Validate get otp button with invalid min text in last name and mobile number in sign up page", "Opt...)</span>
                <span class="method-start">294457 ms</span>
              </div> <!-- test-method -->
              <div class="test-method">
                <img src="failed.png">
                </img>
                <span class="method-name">runScenario("Validate get otp button with all invalid min text in first name and mobile number in sign up page",...)</span>
                <span class="method-start">322306 ms</span>
              </div> <!-- test-method -->
              <div class="test-method">
                <span class="method-name">runScenario("Validate get otp button with invalid min text in mobile number in sign up page", "Optional[Sign up ...)</span>
                <span class="method-start">355252 ms</span>
              </div> <!-- test-method -->
              <div class="test-method">
                <img src="failed.png">
                </img>
                <span class="method-name">runScenario("Validate get otp button with invalid min text in last name in sign up page", "Optional[Sign up page...)</span>
                <span class="method-start">382936 ms</span>
              </div> <!-- test-method -->
              <div class="test-method">
                <img src="failed.png">
                </img>
                <span class="method-name">runScenario("Validate get otp button with invalid min text in first name in sign up page", "Optional[Sign up pag...)</span>
                <span class="method-start">411761 ms</span>
              </div> <!-- test-method -->
              <div class="test-method">
                <span class="method-name">runScenario("Validate get otp button as invalid first name with numbers in sign up page", "Optional[Sign up page...)</span>
                <span class="method-start">438512 ms</span>
              </div> <!-- test-method -->
              <div class="test-method">
                <span class="method-name">runScenario("Validate get otp button as invalid last name with numbers in sign up page", "Optional[Sign up page ...)</span>
                <span class="method-start">465987 ms</span>
              </div> <!-- test-method -->
              <div class="test-method">
                <span class="method-name">runScenario("Validate get otp button as invalid mobile number with letters in sign up page", "Optional[Sign up p...)</span>
                <span class="method-start">491602 ms</span>
              </div> <!-- test-method -->
              <div class="test-method">
                <span class="method-name">runScenario("Validate get otp button as invalid first name with special chars in sign up page", "Optional[Sign u...)</span>
                <span class="method-start">518592 ms</span>
              </div> <!-- test-method -->
              <div class="test-method">
                <span class="method-name">runScenario("Validate get otp button as invalid last name with with special chars in sign up page", "Optional[Si...)</span>
                <span class="method-start">543176 ms</span>
              </div> <!-- test-method -->
              <div class="test-method">
                <span class="method-name">runScenario("Validate get otp button as invalid mobile number with special chars in sign up page", "Optional[Sig...)</span>
                <span class="method-start">568323 ms</span>
              </div> <!-- test-method -->
              <div class="test-method">
                <span class="method-name">runScenario("Validate get otp button with all empty spaces in user fields in sign up page", "Optional[Sign up pa...)</span>
                <span class="method-start">593012 ms</span>
              </div> <!-- test-method -->
              <div class="test-method">
                <span class="method-name">runScenario("Validate get otp button as empty first name with special chars in sign up page", "Optional[Sign up ...)</span>
                <span class="method-start">618120 ms</span>
              </div> <!-- test-method -->
              <div class="test-method">
                <span class="method-name">runScenario("Validate get otp button as empty last name with with special chars in sign up page", "Optional[Sign...)</span>
                <span class="method-start">644383 ms</span>
              </div> <!-- test-method -->
              <div class="test-method">
                <span class="method-name">runScenario("Validate get otp button as empty mobile number with special chars in sign up page", "Optional[Sign ...)</span>
                <span class="method-start">671935 ms</span>
              </div> <!-- test-method -->
              <div class="test-method">
                <img src="failed.png">
                </img>
                <span class="method-name">runScenario("Validate log in link sign up page", "Optional[Sign up page of the customer application]")</span>
                <span class="method-start">696841 ms</span>
              </div> <!-- test-method -->
              <div class="configuration-class after">
                <span class="method-name">tearDownClass</span>
                <span class="method-start">716801 ms</span>
              </div> <!-- configuration-class after -->
          </div> <!-- main-panel-content rounded-window-bottom -->
        </div> <!-- panel -->
      </div> <!-- main-panel-root -->
    </div> <!-- wrapper -->
  </body>
<script type="text/javascript" src="testng-reports2.js"></script>
</html>
